0 info it worked if it ends with ok
1 verbose cli [ 'node', '/usr/local/bin/npm', 'version', 'patch' ]
2 info using npm@2.11.3
3 info using node@v0.12.7
4 info preversion @material-dev/node-aws-lambda@0.7.6
5 info git [ 'status', '--porcelain' ]
6 verbose version.write data { name: '@material-dev/node-aws-lambda',
6 verbose version.write   version: '0.7.6',
6 verbose version.write   description: 'A module help you automate AWS lambda function deployment. Forked from node-aws-lambda',
6 verbose version.write   scripts: { test: 'node ./node_modules/gulp/bin/gulp test' },
6 verbose version.write   repository:
6 verbose version.write    { type: 'git',
6 verbose version.write      url: 'https://github.com/VolusionDev/node-aws-lambda' },
6 verbose version.write   keywords: [ 'aws', 'lambda', 'deploy' ],
6 verbose version.write   author: 'Joshua Peterson',
6 verbose version.write   license: 'MIT',
6 verbose version.write   bugs: { url: 'https://github.com/VolusionDev/node-aws-lambda/issues' },
6 verbose version.write   dependencies:
6 verbose version.write    { async: '^1.0.0',
6 verbose version.write      'aws-sdk': '2.x.x',
6 verbose version.write      'https-proxy-agent': '^1.0.0' },
6 verbose version.write   devDependencies:
6 verbose version.write    { chai: '^2.1.1',
6 verbose version.write      gulp: '^3.9.0',
6 verbose version.write      'gulp-mocha': '^2.1.3',
6 verbose version.write      mocha: '^2.2.1',
6 verbose version.write      'mocha-teamcity-reporter': '^1.0.0',
6 verbose version.write      'node-uuid': '^1.4.3',
6 verbose version.write      'teamcity-service-messages': '^0.1.6' } } to package.json
7 info git [ 'add', 'package.json' ]
8 verbose stack Error: Command failed: git add package.json
8 verbose stack fatal: pathspec 'package.json' did not match any files
8 verbose stack
8 verbose stack     at ChildProcess.exithandler (child_process.js:751:12)
8 verbose stack     at ChildProcess.emit (events.js:110:17)
8 verbose stack     at maybeClose (child_process.js:1015:16)
8 verbose stack     at Socket.<anonymous> (child_process.js:1183:11)
8 verbose stack     at Socket.emit (events.js:107:17)
8 verbose stack     at Pipe.close (net.js:485:12)
9 verbose cwd /Users/joshua_peterson/node-aws-lambda/.idea
10 error Darwin 14.5.0
11 error argv "node" "/usr/local/bin/npm" "version" "patch"
12 error node v0.12.7
13 error npm  v2.11.3
14 error code 128
15 error Command failed: git add package.json
15 error fatal: pathspec 'package.json' did not match any files
16 error If you need help, you may report this error at:
16 error     <https://github.com/npm/npm/issues>
17 verbose exit [ 1, true ]
